<?xml version="1.0" encoding="UTF-8"?>
<!-- Generated by org.testng.reporters.JUnitReportReporter -->
<testsuite hostname="Vaishali" failures="0" tests="1" name="Tests.Test1_googleSearch" time="4.088" errors="0" timestamp="2021-01-18T02:33:43 IST" skipped="0">
  <testcase classname="Tests.Test1_googleSearch" name="googleSearch" time="4.088"/>
  <system-out/>
</testsuite> <!-- Tests.Test1_googleSearch -->
